2025-09-11 15:01:51,314 INFO: Ases Stok Takip sistemi baþlatýldý [in C:\Users\Emre\Desktop\Yeni klasör\app.py:86]
2025-09-11 15:02:07,322 INFO: Ases Stok Takip sistemi baþlatýldý [in C:\Users\Emre\Desktop\Yeni klasör\app.py:86]
2025-09-11 15:02:17,572 INFO: Ases Stok Takip sistemi baþlatýldý [in C:\Users\Emre\Desktop\Yeni klasör\app.py:86]
2025-09-11 15:02:35,408 INFO: Ases Stok Takip sistemi baþlatýldý [in C:\Users\Emre\Desktop\Yeni klasör\app.py:86]
2025-09-11 15:02:59,252 INFO: Ases Stok Takip sistemi baþlatýldý [in C:\Users\Emre\Desktop\Yeni klasör\app.py:86]
2025-09-11 15:03:16,108 INFO: Ases Stok Takip sistemi baþlatýldý [in C:\Users\Emre\Desktop\Yeni klasör\app.py:86]
2025-09-11 15:03:25,026 INFO: Ases Stok Takip sistemi baþlatýldý [in C:\Users\Emre\Desktop\Yeni klasör\app.py:86]
2025-09-11 15:03:40,380 INFO: Ases Stok Takip sistemi baþlatýldý [in C:\Users\Emre\Desktop\Yeni klasör\app.py:86]
2025-09-11 15:03:45,255 INFO: Çýkýþ hareketi eklendi: PHONAK V50 - 1 adet by admin [in C:\Users\Emre\Desktop\Yeni klasör\app.py:654]
2025-09-11 15:05:42,154 INFO: Ases Stok Takip sistemi baþlatýldý [in C:\Users\Emre\Desktop\Yeni klasör\app.py:86]
2025-09-11 15:05:48,993 INFO: Ases Stok Takip sistemi baþlatýldý [in C:\Users\Emre\Desktop\Yeni klasör\app.py:86]
2025-09-11 15:05:55,006 INFO: Ases Stok Takip sistemi baþlatýldý [in C:\Users\Emre\Desktop\Yeni klasör\app.py:86]
2025-09-11 15:06:09,108 INFO: Ases Stok Takip sistemi baþlatýldý [in C:\Users\Emre\Desktop\Yeni klasör\app.py:86]
2025-09-11 15:06:16,709 INFO: Ases Stok Takip sistemi baþlatýldý [in C:\Users\Emre\Desktop\Yeni klasör\app.py:86]
2025-09-11 15:06:24,641 INFO: Ases Stok Takip sistemi baþlatýldý [in C:\Users\Emre\Desktop\Yeni klasör\app.py:86]
2025-09-11 15:06:45,711 INFO: Ases Stok Takip sistemi baþlatýldý [in C:\Users\Emre\Desktop\Yeni klasör\app.py:86]
2025-09-11 15:07:05,666 INFO: Ases Stok Takip sistemi baþlatýldý [in C:\Users\Emre\Desktop\Yeni klasör\app.py:86]
2025-09-11 15:07:47,892 INFO: Ürün eklendi: phonak c123 - 1 adet by admin [in C:\Users\Emre\Desktop\Yeni klasör\app.py:489]
2025-09-11 15:08:12,922 INFO: Ases Stok Takip sistemi baþlatýldý [in C:\Users\Emre\Desktop\Yeni klasör\app.py:86]
2025-09-11 15:08:17,163 INFO: Ases Stok Takip sistemi baþlatýldý [in C:\Users\Emre\Desktop\Yeni klasör\app.py:86]
2025-09-11 15:14:04,688 INFO: Çýkýþ hareketi eklendi: phonak c123 - 1 adet by admin [in C:\Users\Emre\Desktop\Yeni klasör\app.py:694]
2025-09-11 15:16:12,827 INFO: Ases Stok Takip sistemi baþlatýldý [in C:\Users\Emre\Desktop\Yeni klasör\app.py:86]
2025-09-11 15:16:14,846 INFO: Ases Stok Takip sistemi baþlatýldý [in C:\Users\Emre\Desktop\Yeni klasör\app.py:86]
2025-09-11 15:16:56,258 INFO: Ases Stok Takip sistemi baþlatýldý [in C:\Users\Emre\Desktop\Yeni klasör\app.py:86]
2025-09-11 15:27:54,657 INFO: Ases Stok Takip sistemi baþlatýldý [in C:\Users\Emre\Desktop\Yeni klasör\app.py:86]
2025-09-11 15:28:05,439 INFO: Ases Stok Takip sistemi baþlatýldý [in C:\Users\Emre\Desktop\Yeni klasör\app.py:86]
2025-09-11 15:28:06,662 INFO: Ases Stok Takip sistemi baþlatýldý [in C:\Users\Emre\Desktop\Yeni klasör\app.py:86]
2025-09-11 15:28:12,930 INFO: Ases Stok Takip sistemi baþlatýldý [in C:\Users\Emre\Desktop\Yeni klasör\app.py:86]
2025-09-11 15:28:29,127 INFO: Ürün eklendi: PHONAK V50 - 1 adet by admin [in C:\Users\Emre\Desktop\Yeni klasör\app.py:485]
2025-09-11 15:28:51,439 INFO: Ases Stok Takip sistemi baþlatýldý [in C:\Users\Emre\Desktop\Yeni klasör\app.py:86]
2025-09-11 18:43:16,477 INFO: Ases Stok Takip sistemi baþlatýldý [in C:\Users\bora-\Desktop\Yeni klasör (2)\emre_falsk\app.py:86]
2025-09-11 18:43:17,561 INFO: Ases Stok Takip sistemi baþlatýldý [in C:\Users\bora-\Desktop\Yeni klasör (2)\emre_falsk\app.py:86]
2025-09-11 18:43:20,667 INFO: Ases Stok Takip sistemi baþlatýldý [in C:\Users\bora-\Desktop\Yeni klasör (2)\emre_falsk\app.py:86]
