2025-09-11 15:03:44,661 - ÇIKIÞ HAREKETÝ EKLENDÝ - Ürün: PHONAK V50 (ID: 1)
2025-09-11 15:03:44,661 -   Hareket: ÇIKIÞ, 1 adet, Açýklama: database temizleme

2025-09-11 15:03:44,915 -   Kullanýcý: admin (ID: 1)
2025-09-11 15:07:47,512 - GÝRÝÞ HAREKETÝ EKLENDÝ - Ürün: phonak c123 (ID: 3)
2025-09-11 15:07:47,512 -   Hareket: GÝRÝÞ, 1 adet, Açýklama: Ýlk stok giriþi - 1 adet
2025-09-11 15:07:47,523 -   Kullanýcý: admin (ID: 1)
2025-09-11 15:14:04,329 - ÇIKIÞ HAREKETÝ EKLENDÝ - Ürün: phonak c123 (ID: 3)
2025-09-11 15:14:04,329 -   Hareket: ÇIKIÞ, 1 adet, Açýklama: emre hastaya verdim
2025-09-11 15:14:04,335 -   Kullanýcý: admin (ID: 1)
2025-09-11 15:28:28,781 - GÝRÝÞ HAREKETÝ EKLENDÝ - Ürün: PHONAK V50 (ID: 1)
2025-09-11 15:28:28,782 -   Hareket: GÝRÝÞ, 1 adet, Açýklama: Ýlk stok giriþi - 1 adet
2025-09-11 15:28:28,786 -   Kullanýcý: admin (ID: 1)
2025-09-16 16:08:37,906 - GÝRÝÞ HAREKETÝ EKLENDÝ - Ürün: PHONAK V50 (ID: 2)
2025-09-16 16:08:37,906 -   Hareket: GÝRÝÞ, 1 adet, Açýklama: Ýlk stok giriþi - 1 adet
2025-09-16 16:08:38,102 -   Kullanýcý: admin (ID: 1)
2025-09-16 16:09:03,409 - ÇIKIÞ HAREKETÝ EKLENDÝ - Ürün: PHONAK V50 (ID: 2)
2025-09-16 16:09:03,409 -   Hareket: ÇIKIÞ, 1 adet, Açýklama: sadsaads
2025-09-16 16:09:03,414 -   Kullanýcý: admin (ID: 1)
2025-09-16 16:09:26,649 - ÇIKIÞ HAREKETÝ EKLENDÝ - Ürün: PHONAK V50 (ID: 1)
2025-09-16 16:09:26,649 -   Hareket: ÇIKIÞ, 1 adet, Açýklama: denem2
2025-09-16 16:09:26,654 -   Kullanýcý: admin (ID: 1)
